2017-03
2017-03-01;Jes Larsen;532, 785;CIGS;OK
2017-03-01;Katharina Rudisch;785;CZTS;ok
2017-03-02;Shuainan Zhao;532;diamond WC Co;ok
2017-03-02;Andreas;325;carbon;ok
2017-03-03;Andreas;532;carbon;ok
2017-03-03;Zhen;532;NiO film;ok
2017-03-03;Katharina Rudisch;785;CZTS;ok
2017-03-03;Katharina Rudisch;785;CZTS;5x objective not installed but only placed in the chamber without box/cover
2017-03-06;Patrik Ahlberg;532;MoS2;Ok
2017-03-08;jiezhao;532;graphene;ok
2017-03-09;Mario;532;NMS;OK
2017-03-10;Jes Larsen;532,785;CIGS;OK
2017-03-10;andoria;532;C;ok 
2017-03-11;Zhen;532;NiO film;OK
2017-03-13;Michael;532;Graphene/GO;OK
2017-03-13;faraz;532 785;CIS-Sul;OK
2017-03-14;Patrik Ahlberg;532;MoS2;OK
2017-03-14;Jes Larsen;532,785;CIGS;OK
2017-03-14;Alexandra;532;MSS;OK
